<?xml version="1.0" encoding="UTF-8"?>
<!-- Generated by org.testng.reporters.JUnitReportReporter -->
<testsuite hostname="Ashu" failures="0" tests="1" name="SeleniumFramework.tests.UpdatingStandAlone" time="6.752" errors="0" timestamp="2024-07-25T21:49:56 IST" skipped="0">
  <testcase classname="SeleniumFramework.tests.UpdatingStandAlone" name="submitOrder" time="6.752"/>
</testsuite> <!-- SeleniumFramework.tests.UpdatingStandAlone -->
