<?xml version="1.0" encoding="UTF-8"?>
<!-- Generated by org.testng.reporters.JUnitReportReporter -->
<testsuite hostname="Ashu" failures="0" tests="2" name="SeleniumFramework.tests.UpdatingStandAloneTest" time="17.987" errors="0" timestamp="2024-07-26T12:58:34 IST" skipped="0">
  <testcase classname="SeleniumFramework.tests.UpdatingStandAloneTest" name="verifyProductonOrderpage" time="3.562"/>
  <testcase classname="SeleniumFramework.tests.UpdatingStandAloneTest" name="submitOrder" time="14.425"/>
</testsuite> <!-- SeleniumFramework.tests.UpdatingStandAloneTest -->
